<?xml version="1.0" encoding="UTF-8"?>
<!-- Generated by org.testng.reporters.JUnitXMLReporter -->
<testsuite hostname="DESKTOP-Q2CF6PV" ignored="0" name="Test" tests="10" failures="0" timestamp="06 Jan 2021 01:15:06 GMT" time="2.966" errors="0">
  <testcase name="testCase7" time="1.853" classname="com.testing.TestScripts.TC7_PostRequestEmployee"/>
  <testcase name="putRequest" time="0.107" classname="com.testing.TestScripts.TC10_PutRequestEmployee"/>
  <testcase name="deleteRecordRequest" time="0.054" classname="com.testing.TestScripts.TC5_DeleteRequest"/>
  <testcase name="putRequest" time="0.042" classname="com.testing.TestScripts.TC4_PutRequest"/>
  <testcase name="testCase1" time="0.059" classname="com.testing.TestScripts.TC1_PostRequest"/>
  <testcase name="testCase2" time="0.585" classname="com.testing.TestScripts.TC2_GetRequest"/>
  <testcase name="deleteRecord" time="0.045" classname="com.testing.TestScripts.TC11_DeleteEmployeeRecord"/>
  <testcase name="getRequest" time="0.042" classname="com.testing.TestScripts.TC8_GetRequestEmployee"/>
  <testcase name="getSingleRecordDetails" time="0.034" classname="com.testing.TestScripts.TC9_GetSingleEmployeeDetails"/>
  <testcase name="testCase3" time="0.056" classname="com.testing.TestScripts.TC3_GetRequestAllData"/>
</testsuite> <!-- Test -->
